{"D:\\code\\other\\oojs-utility-url\\tool\\test.js":{"path":"D:\\code\\other\\oojs-utility-url\\tool\\test.js","s":{"1":1,"2":1,"3":1,"4":1,"5":1,"6":1,"7":1,"8":2,"9":1,"10":1,"11":1,"12":0},"b":{},"f":{"1":1,"2":2,"3":1,"4":1,"5":0},"fnMap":{"1":{"name":"(anonymous_1)","line":20,"loc":{"start":{"line":20,"column":11},"end":{"line":20,"column":23}}},"2":{"name":"(anonymous_2)","line":26,"loc":{"start":{"line":26,"column":20},"end":{"line":26,"column":36}}},"3":{"name":"(anonymous_3)","line":28,"loc":{"start":{"line":28,"column":23},"end":{"line":28,"column":39}}},"4":{"name":"(anonymous_4)","line":33,"loc":{"start":{"line":33,"column":18},"end":{"line":33,"column":38}}},"5":{"name":"(anonymous_5)","line":34,"loc":{"start":{"line":34,"column":31},"end":{"line":34,"column":43}}}},"statementMap":{"1":{"start":{"line":7,"column":0},"end":{"line":7,"column":21}},"2":{"start":{"line":8,"column":0},"end":{"line":8,"column":29}},"3":{"start":{"line":9,"column":0},"end":{"line":9,"column":28}},"4":{"start":{"line":11,"column":0},"end":{"line":39,"column":3}},"5":{"start":{"line":21,"column":8},"end":{"line":21,"column":37}},"6":{"start":{"line":22,"column":8},"end":{"line":22,"column":32}},"7":{"start":{"line":25,"column":8},"end":{"line":30,"column":15}},"8":{"start":{"line":27,"column":16},"end":{"line":27,"column":54}},"9":{"start":{"line":29,"column":16},"end":{"line":29,"column":36}},"10":{"start":{"line":33,"column":8},"end":{"line":37,"column":11}},"11":{"start":{"line":34,"column":12},"end":{"line":36,"column":15}},"12":{"start":{"line":35,"column":16},"end":{"line":35,"column":39}}},"branchMap":{}},"D:\\code\\other\\oojs-utility-url\\src\\oojs\\utility\\url.js":{"path":"D:\\code\\other\\oojs-utility-url\\src\\oojs\\utility\\url.js","s":{"1":1,"2":40,"3":40,"4":40,"5":40,"6":40,"7":40,"8":0,"9":40,"10":0,"11":40,"12":40,"13":36,"14":180,"15":36,"16":36,"17":36,"18":40,"19":39,"20":39,"21":385,"22":385,"23":27,"24":27,"25":358,"26":7,"27":351,"28":78,"29":39,"30":39,"31":39,"32":0,"33":39,"34":40,"35":12,"36":32,"37":32,"38":4,"39":12,"40":7,"41":12,"42":40,"43":7,"44":33,"45":30,"46":40,"47":40,"48":35,"49":35,"50":124,"51":124,"52":9,"53":124,"54":5,"55":10,"56":30,"57":67,"58":57,"59":67,"60":67,"61":124,"62":30,"63":40,"64":40,"65":25,"66":53,"67":53,"68":1,"69":1,"70":52,"71":8,"72":25,"73":11,"74":25,"75":40,"76":40,"77":29,"78":29,"79":29,"80":88,"81":88,"82":9,"83":88,"84":22,"85":22,"86":66,"87":22,"88":22,"89":22,"90":0,"91":0,"92":0,"93":22,"94":22,"95":22,"96":22,"97":13,"98":40,"99":40,"100":35,"101":10,"102":40},"b":{"1":[40,33],"2":[36,4],"3":[36,144],"4":[39,1],"5":[27,358],"6":[7,351],"7":[78,273],"8":[39,0],"9":[12,28],"10":[4,28],"11":[7,5],"12":[7,33],"13":[30,3],"14":[35,5],"15":[9,115],"16":[5,10,30,67],"17":[57,10],"18":[30,94],"19":[25,15],"20":[1,52],"21":[8,44],"22":[11,14],"23":[29,11],"24":[9,79],"25":[22,66],"26":[22,44],"27":[66,53],"28":[22,0],"29":[0,22],"30":[0,0],"31":[13,9],"32":[35,5],"33":[10,25]},"f":{"1":40},"fnMap":{"1":{"name":"(anonymous_1)","line":45,"loc":{"start":{"line":45,"column":11},"end":{"line":45,"column":40}}}},"statementMap":{"1":{"start":{"line":8,"column":0},"end":{"line":233,"column":3}},"2":{"start":{"line":46,"column":8},"end":{"line":46,"column":42}},"3":{"start":{"line":47,"column":8},"end":{"line":47,"column":22}},"4":{"start":{"line":48,"column":8},"end":{"line":48,"column":33}},"5":{"start":{"line":49,"column":8},"end":{"line":49,"column":15}},"6":{"start":{"line":50,"column":8},"end":{"line":50,"column":35}},"7":{"start":{"line":53,"column":8},"end":{"line":53,"column":62}},"8":{"start":{"line":53,"column":54},"end":{"line":53,"column":62}},"9":{"start":{"line":54,"column":8},"end":{"line":54,"column":58}},"10":{"start":{"line":54,"column":52},"end":{"line":54,"column":58}},"11":{"start":{"line":55,"column":8},"end":{"line":55,"column":32}},"12":{"start":{"line":70,"column":8},"end":{"line":78,"column":9}},"13":{"start":{"line":71,"column":12},"end":{"line":77,"column":13}},"14":{"start":{"line":72,"column":16},"end":{"line":76,"column":17}},"15":{"start":{"line":73,"column":20},"end":{"line":73,"column":58}},"16":{"start":{"line":74,"column":20},"end":{"line":74,"column":34}},"17":{"start":{"line":75,"column":20},"end":{"line":75,"column":26}},"18":{"start":{"line":81,"column":8},"end":{"line":107,"column":9}},"19":{"start":{"line":82,"column":12},"end":{"line":82,"column":32}},"20":{"start":{"line":83,"column":12},"end":{"line":96,"column":13}},"21":{"start":{"line":84,"column":16},"end":{"line":84,"column":39}},"22":{"start":{"line":86,"column":16},"end":{"line":95,"column":17}},"23":{"start":{"line":87,"column":20},"end":{"line":87,"column":45}},"24":{"start":{"line":88,"column":20},"end":{"line":88,"column":26}},"25":{"start":{"line":90,"column":21},"end":{"line":95,"column":17}},"26":{"start":{"line":91,"column":20},"end":{"line":91,"column":26}},"27":{"start":{"line":93,"column":21},"end":{"line":95,"column":17}},"28":{"start":{"line":94,"column":20},"end":{"line":94,"column":39}},"29":{"start":{"line":97,"column":12},"end":{"line":97,"column":46}},"30":{"start":{"line":99,"column":12},"end":{"line":104,"column":13}},"31":{"start":{"line":100,"column":16},"end":{"line":100,"column":84}},"32":{"start":{"line":103,"column":16},"end":{"line":103,"column":44}},"33":{"start":{"line":106,"column":12},"end":{"line":106,"column":26}},"34":{"start":{"line":110,"column":8},"end":{"line":121,"column":9}},"35":{"start":{"line":111,"column":12},"end":{"line":116,"column":13}},"36":{"start":{"line":112,"column":16},"end":{"line":112,"column":39}},"37":{"start":{"line":113,"column":16},"end":{"line":115,"column":17}},"38":{"start":{"line":114,"column":20},"end":{"line":114,"column":26}},"39":{"start":{"line":117,"column":12},"end":{"line":119,"column":13}},"40":{"start":{"line":118,"column":16},"end":{"line":118,"column":50}},"41":{"start":{"line":120,"column":12},"end":{"line":120,"column":26}},"42":{"start":{"line":123,"column":8},"end":{"line":129,"column":9}},"43":{"start":{"line":124,"column":12},"end":{"line":124,"column":52}},"44":{"start":{"line":126,"column":13},"end":{"line":129,"column":9}},"45":{"start":{"line":128,"column":12},"end":{"line":128,"column":74}},"46":{"start":{"line":132,"column":8},"end":{"line":132,"column":27}},"47":{"start":{"line":133,"column":8},"end":{"line":159,"column":9}},"48":{"start":{"line":134,"column":12},"end":{"line":134,"column":34}},"49":{"start":{"line":135,"column":12},"end":{"line":158,"column":13}},"50":{"start":{"line":136,"column":16},"end":{"line":136,"column":39}},"51":{"start":{"line":137,"column":16},"end":{"line":139,"column":17}},"52":{"start":{"line":138,"column":20},"end":{"line":138,"column":30}},"53":{"start":{"line":140,"column":16},"end":{"line":153,"column":17}},"54":{"start":{"line":142,"column":24},"end":{"line":142,"column":50}},"55":{"start":{"line":144,"column":24},"end":{"line":144,"column":54}},"56":{"start":{"line":146,"column":24},"end":{"line":146,"column":41}},"57":{"start":{"line":148,"column":24},"end":{"line":150,"column":25}},"58":{"start":{"line":149,"column":28},"end":{"line":149,"column":64}},"59":{"start":{"line":151,"column":24},"end":{"line":151,"column":38}},"60":{"start":{"line":152,"column":24},"end":{"line":152,"column":30}},"61":{"start":{"line":155,"column":16},"end":{"line":157,"column":17}},"62":{"start":{"line":156,"column":20},"end":{"line":156,"column":26}},"63":{"start":{"line":160,"column":8},"end":{"line":160,"column":32}},"64":{"start":{"line":163,"column":8},"end":{"line":178,"column":9}},"65":{"start":{"line":164,"column":12},"end":{"line":173,"column":13}},"66":{"start":{"line":165,"column":16},"end":{"line":165,"column":39}},"67":{"start":{"line":166,"column":16},"end":{"line":172,"column":17}},"68":{"start":{"line":167,"column":20},"end":{"line":167,"column":46}},"69":{"start":{"line":168,"column":20},"end":{"line":168,"column":26}},"70":{"start":{"line":170,"column":21},"end":{"line":172,"column":17}},"71":{"start":{"line":171,"column":20},"end":{"line":171,"column":26}},"72":{"start":{"line":174,"column":12},"end":{"line":176,"column":13}},"73":{"start":{"line":175,"column":16},"end":{"line":175,"column":55}},"74":{"start":{"line":177,"column":12},"end":{"line":177,"column":26}},"75":{"start":{"line":181,"column":8},"end":{"line":181,"column":23}},"76":{"start":{"line":182,"column":8},"end":{"line":220,"column":9}},"77":{"start":{"line":183,"column":12},"end":{"line":183,"column":31}},"78":{"start":{"line":184,"column":12},"end":{"line":184,"column":27}},"79":{"start":{"line":185,"column":12},"end":{"line":219,"column":13}},"80":{"start":{"line":186,"column":16},"end":{"line":186,"column":39}},"81":{"start":{"line":187,"column":16},"end":{"line":189,"column":17}},"82":{"start":{"line":188,"column":20},"end":{"line":188,"column":30}},"83":{"start":{"line":191,"column":16},"end":{"line":218,"column":17}},"84":{"start":{"line":192,"column":20},"end":{"line":192,"column":52}},"85":{"start":{"line":193,"column":20},"end":{"line":193,"column":34}},"86":{"start":{"line":195,"column":21},"end":{"line":218,"column":17}},"87":{"start":{"line":196,"column":20},"end":{"line":213,"column":21}},"88":{"start":{"line":197,"column":24},"end":{"line":197,"column":57}},"89":{"start":{"line":198,"column":24},"end":{"line":211,"column":25}},"90":{"start":{"line":199,"column":28},"end":{"line":206,"column":29}},"91":{"start":{"line":201,"column":32},"end":{"line":201,"column":66}},"92":{"start":{"line":205,"column":32},"end":{"line":205,"column":82}},"93":{"start":{"line":210,"column":28},"end":{"line":210,"column":58}},"94":{"start":{"line":212,"column":24},"end":{"line":212,"column":41}},"95":{"start":{"line":214,"column":20},"end":{"line":214,"column":34}},"96":{"start":{"line":215,"column":20},"end":{"line":217,"column":21}},"97":{"start":{"line":216,"column":24},"end":{"line":216,"column":30}},"98":{"start":{"line":221,"column":8},"end":{"line":221,"column":29}},"99":{"start":{"line":224,"column":8},"end":{"line":228,"column":9}},"100":{"start":{"line":225,"column":12},"end":{"line":227,"column":13}},"101":{"start":{"line":226,"column":16},"end":{"line":226,"column":60}},"102":{"start":{"line":230,"column":8},"end":{"line":230,"column":22}}},"branchMap":{"1":{"line":46,"type":"binary-expr","locations":[{"start":{"line":46,"column":23},"end":{"line":46,"column":35}},{"start":{"line":46,"column":39},"end":{"line":46,"column":41}}]},"2":{"line":70,"type":"if","locations":[{"start":{"line":70,"column":8},"end":{"line":70,"column":8}},{"start":{"line":70,"column":8},"end":{"line":70,"column":8}}]},"3":{"line":72,"type":"if","locations":[{"start":{"line":72,"column":16},"end":{"line":72,"column":16}},{"start":{"line":72,"column":16},"end":{"line":72,"column":16}}]},"4":{"line":81,"type":"if","locations":[{"start":{"line":81,"column":8},"end":{"line":81,"column":8}},{"start":{"line":81,"column":8},"end":{"line":81,"column":8}}]},"5":{"line":86,"type":"if","locations":[{"start":{"line":86,"column":16},"end":{"line":86,"column":16}},{"start":{"line":86,"column":16},"end":{"line":86,"column":16}}]},"6":{"line":90,"type":"if","locations":[{"start":{"line":90,"column":21},"end":{"line":90,"column":21}},{"start":{"line":90,"column":21},"end":{"line":90,"column":21}}]},"7":{"line":93,"type":"if","locations":[{"start":{"line":93,"column":21},"end":{"line":93,"column":21}},{"start":{"line":93,"column":21},"end":{"line":93,"column":21}}]},"8":{"line":99,"type":"if","locations":[{"start":{"line":99,"column":12},"end":{"line":99,"column":12}},{"start":{"line":99,"column":12},"end":{"line":99,"column":12}}]},"9":{"line":110,"type":"if","locations":[{"start":{"line":110,"column":8},"end":{"line":110,"column":8}},{"start":{"line":110,"column":8},"end":{"line":110,"column":8}}]},"10":{"line":113,"type":"if","locations":[{"start":{"line":113,"column":16},"end":{"line":113,"column":16}},{"start":{"line":113,"column":16},"end":{"line":113,"column":16}}]},"11":{"line":117,"type":"if","locations":[{"start":{"line":117,"column":12},"end":{"line":117,"column":12}},{"start":{"line":117,"column":12},"end":{"line":117,"column":12}}]},"12":{"line":123,"type":"if","locations":[{"start":{"line":123,"column":8},"end":{"line":123,"column":8}},{"start":{"line":123,"column":8},"end":{"line":123,"column":8}}]},"13":{"line":126,"type":"if","locations":[{"start":{"line":126,"column":13},"end":{"line":126,"column":13}},{"start":{"line":126,"column":13},"end":{"line":126,"column":13}}]},"14":{"line":133,"type":"if","locations":[{"start":{"line":133,"column":8},"end":{"line":133,"column":8}},{"start":{"line":133,"column":8},"end":{"line":133,"column":8}}]},"15":{"line":137,"type":"if","locations":[{"start":{"line":137,"column":16},"end":{"line":137,"column":16}},{"start":{"line":137,"column":16},"end":{"line":137,"column":16}}]},"16":{"line":140,"type":"switch","locations":[{"start":{"line":141,"column":20},"end":{"line":142,"column":50}},{"start":{"line":143,"column":20},"end":{"line":144,"column":54}},{"start":{"line":145,"column":20},"end":{"line":146,"column":41}},{"start":{"line":147,"column":20},"end":{"line":152,"column":30}}]},"17":{"line":148,"type":"if","locations":[{"start":{"line":148,"column":24},"end":{"line":148,"column":24}},{"start":{"line":148,"column":24},"end":{"line":148,"column":24}}]},"18":{"line":155,"type":"if","locations":[{"start":{"line":155,"column":16},"end":{"line":155,"column":16}},{"start":{"line":155,"column":16},"end":{"line":155,"column":16}}]},"19":{"line":163,"type":"if","locations":[{"start":{"line":163,"column":8},"end":{"line":163,"column":8}},{"start":{"line":163,"column":8},"end":{"line":163,"column":8}}]},"20":{"line":166,"type":"if","locations":[{"start":{"line":166,"column":16},"end":{"line":166,"column":16}},{"start":{"line":166,"column":16},"end":{"line":166,"column":16}}]},"21":{"line":170,"type":"if","locations":[{"start":{"line":170,"column":21},"end":{"line":170,"column":21}},{"start":{"line":170,"column":21},"end":{"line":170,"column":21}}]},"22":{"line":174,"type":"if","locations":[{"start":{"line":174,"column":12},"end":{"line":174,"column":12}},{"start":{"line":174,"column":12},"end":{"line":174,"column":12}}]},"23":{"line":182,"type":"if","locations":[{"start":{"line":182,"column":8},"end":{"line":182,"column":8}},{"start":{"line":182,"column":8},"end":{"line":182,"column":8}}]},"24":{"line":187,"type":"if","locations":[{"start":{"line":187,"column":16},"end":{"line":187,"column":16}},{"start":{"line":187,"column":16},"end":{"line":187,"column":16}}]},"25":{"line":191,"type":"if","locations":[{"start":{"line":191,"column":16},"end":{"line":191,"column":16}},{"start":{"line":191,"column":16},"end":{"line":191,"column":16}}]},"26":{"line":195,"type":"if","locations":[{"start":{"line":195,"column":21},"end":{"line":195,"column":21}},{"start":{"line":195,"column":21},"end":{"line":195,"column":21}}]},"27":{"line":195,"type":"binary-expr","locations":[{"start":{"line":195,"column":25},"end":{"line":195,"column":36}},{"start":{"line":195,"column":40},"end":{"line":195,"column":51}}]},"28":{"line":196,"type":"if","locations":[{"start":{"line":196,"column":20},"end":{"line":196,"column":20}},{"start":{"line":196,"column":20},"end":{"line":196,"column":20}}]},"29":{"line":198,"type":"if","locations":[{"start":{"line":198,"column":24},"end":{"line":198,"column":24}},{"start":{"line":198,"column":24},"end":{"line":198,"column":24}}]},"30":{"line":199,"type":"if","locations":[{"start":{"line":199,"column":28},"end":{"line":199,"column":28}},{"start":{"line":199,"column":28},"end":{"line":199,"column":28}}]},"31":{"line":215,"type":"if","locations":[{"start":{"line":215,"column":20},"end":{"line":215,"column":20}},{"start":{"line":215,"column":20},"end":{"line":215,"column":20}}]},"32":{"line":224,"type":"if","locations":[{"start":{"line":224,"column":8},"end":{"line":224,"column":8}},{"start":{"line":224,"column":8},"end":{"line":224,"column":8}}]},"33":{"line":225,"type":"if","locations":[{"start":{"line":225,"column":12},"end":{"line":225,"column":12}},{"start":{"line":225,"column":12},"end":{"line":225,"column":12}}]}}}}