TN:
SF:D:\code\other\oojs-utility-url\tool\test.js
FN:20,(anonymous_1)
FN:26,(anonymous_2)
FN:28,(anonymous_3)
FN:33,(anonymous_4)
FN:34,(anonymous_5)
FNF:5
FNH:4
FNDA:1,(anonymous_1)
FNDA:2,(anonymous_2)
FNDA:1,(anonymous_3)
FNDA:1,(anonymous_4)
FNDA:0,(anonymous_5)
DA:7,1
DA:8,1
DA:9,1
DA:11,1
DA:21,1
DA:22,1
DA:25,1
DA:27,2
DA:29,1
DA:33,1
DA:34,1
DA:35,0
LF:12
LH:11
BRF:0
BRH:0
end_of_record
TN:
SF:D:\code\other\oojs-utility-url\src\oojs\utility\url.js
FN:45,(anonymous_1)
FNF:1
FNH:1
FNDA:40,(anonymous_1)
DA:8,1
DA:46,40
DA:47,40
DA:48,40
DA:49,40
DA:50,40
DA:53,40
DA:54,40
DA:55,40
DA:70,40
DA:71,36
DA:72,180
DA:73,36
DA:74,36
DA:75,36
DA:81,40
DA:82,39
DA:83,39
DA:84,385
DA:86,385
DA:87,27
DA:88,27
DA:90,358
DA:91,7
DA:93,351
DA:94,78
DA:97,39
DA:99,39
DA:100,39
DA:103,0
DA:106,39
DA:110,40
DA:111,12
DA:112,32
DA:113,32
DA:114,4
DA:117,12
DA:118,7
DA:120,12
DA:123,40
DA:124,7
DA:126,33
DA:128,30
DA:132,40
DA:133,40
DA:134,35
DA:135,35
DA:136,124
DA:137,124
DA:138,9
DA:140,124
DA:142,5
DA:144,10
DA:146,30
DA:148,67
DA:149,57
DA:151,67
DA:152,67
DA:155,124
DA:156,30
DA:160,40
DA:163,40
DA:164,25
DA:165,53
DA:166,53
DA:167,1
DA:168,1
DA:170,52
DA:171,8
DA:174,25
DA:175,11
DA:177,25
DA:181,40
DA:182,40
DA:183,29
DA:184,29
DA:185,29
DA:186,88
DA:187,88
DA:188,9
DA:191,88
DA:192,22
DA:193,22
DA:195,66
DA:196,22
DA:197,22
DA:198,22
DA:199,0
DA:201,0
DA:205,0
DA:210,22
DA:212,22
DA:214,22
DA:215,22
DA:216,13
DA:221,40
DA:224,40
DA:225,35
DA:226,10
DA:230,40
LF:100
LH:96
BRDA:46,1,0,40
BRDA:46,1,1,33
BRDA:70,2,0,36
BRDA:70,2,1,4
BRDA:72,3,0,36
BRDA:72,3,1,144
BRDA:81,4,0,39
BRDA:81,4,1,1
BRDA:86,5,0,27
BRDA:86,5,1,358
BRDA:90,6,0,7
BRDA:90,6,1,351
BRDA:93,7,0,78
BRDA:93,7,1,273
BRDA:99,8,0,39
BRDA:99,8,1,0
BRDA:110,9,0,12
BRDA:110,9,1,28
BRDA:113,10,0,4
BRDA:113,10,1,28
BRDA:117,11,0,7
BRDA:117,11,1,5
BRDA:123,12,0,7
BRDA:123,12,1,33
BRDA:126,13,0,30
BRDA:126,13,1,3
BRDA:133,14,0,35
BRDA:133,14,1,5
BRDA:137,15,0,9
BRDA:137,15,1,115
BRDA:140,16,0,5
BRDA:140,16,1,10
BRDA:140,16,2,30
BRDA:140,16,3,67
BRDA:148,17,0,57
BRDA:148,17,1,10
BRDA:155,18,0,30
BRDA:155,18,1,94
BRDA:163,19,0,25
BRDA:163,19,1,15
BRDA:166,20,0,1
BRDA:166,20,1,52
BRDA:170,21,0,8
BRDA:170,21,1,44
BRDA:174,22,0,11
BRDA:174,22,1,14
BRDA:182,23,0,29
BRDA:182,23,1,11
BRDA:187,24,0,9
BRDA:187,24,1,79
BRDA:191,25,0,22
BRDA:191,25,1,66
BRDA:195,26,0,22
BRDA:195,26,1,44
BRDA:195,27,0,66
BRDA:195,27,1,53
BRDA:196,28,0,22
BRDA:196,28,1,0
BRDA:198,29,0,0
BRDA:198,29,1,22
BRDA:199,30,0,0
BRDA:199,30,1,0
BRDA:215,31,0,13
BRDA:215,31,1,9
BRDA:224,32,0,35
BRDA:224,32,1,5
BRDA:225,33,0,10
BRDA:225,33,1,25
BRF:68
BRH:63
end_of_record
